#
# There is insufficient memory for the Java Runtime Environment to continue.
# Native memory allocation (malloc) failed to allocate 431696 bytes for Chunk::new
# Possible reasons:
#   The system is out of physical RAM or swap space
#   The process is running with CompressedOops enabled, and the Java Heap may be blocking the growth of the native heap
# Possible solutions:
#   Reduce memory load on the system
#   Increase physical memory or swap space
#   Check if swap backing store is full
#   Decrease Java heap size (-Xmx/-Xms)
#   Decrease number of Java threads
#   Decrease Java thread stack sizes (-Xss)
#   Set larger code cache with -XX:ReservedCodeCacheSize=
#   JVM is running with Unscaled Compressed Oops mode in which the Java heap is
#     placed in the first 4GB address space. The Java Heap base address is the
#     maximum limit for the native heap growth. Please use -XX:HeapBaseMinAddress
#     to set the Java Heap base and to place the Java Heap above 4GB virtual address.
# This output file may be truncated or incomplete.
#
#  Out of Memory Error (./open/src/hotspot/share/memory/arena.cpp:197), pid=28180, tid=1844
#
# JRE version: Java(TM) SE Runtime Environment 18.9 (11.0.7+8) (build 11.0.7+8-LTS)
# Java VM: Java HotSpot(TM) 64-Bit Server VM 18.9 (11.0.7+8-LTS, mixed mode, tiered, compressed oops, g1 gc, windows-amd64)
# No core dump will be written. Minidumps are not enabled by default on client versions of Windows
#

---------------  S U M M A R Y ------------

Command Line: -Xmx128m -Xss2m -Dant.home=C:\Program Files\JetBrains\IntelliJ IDEA Community Edition 2020.1.1\lib\ant -Dant.library.dir=C:\Program Files\JetBrains\IntelliJ IDEA Community Edition 2020.1.1\lib\ant\lib -Dfile.encoding=UTF-8 com.intellij.rt.ant.execution.AntMain2 -logger com.intellij.rt.ant.execution.IdeaAntLogger2 -inputhandler com.intellij.rt.ant.execution.IdeaInputHandler -buildfile D:\tvpage-hybris\hybris\bin\custom\tvpageservices\build.xml all

Host: Intel(R) Core(TM) i7-8565U CPU @ 1.80GHz, 8 cores, 15G,  Windows 10 , 64 bit Build 18362 (10.0.18362.900)
Time: Tue Jun 23 13:03:24 2020 India Standard Time elapsed time: 1 seconds (0d 0h 0m 1s)

---------------  T H R E A D  ---------------

Current thread (0x000001d69d3f0800):  JavaThread "C2 CompilerThread2" daemon [_thread_in_native, id=1844, stack(0x0000007964100000,0x0000007964200000)]


Current CompileTask:
C2:   1042 2380   !   4       java.util.jar.JarFile::checkForSpecialAttributes (163 bytes)

Stack: [0x0000007964100000,0x0000007964200000]
Native frames: (J=compiled Java code, j=interpreted, Vv=VM code, C=native code)
V  [jvm.dll+0x661a7a]
V  [jvm.dll+0x7a1b2f]
V  [jvm.dll+0x7a31d5]
V  [jvm.dll+0x7a3843]
V  [jvm.dll+0x25f1a8]
V  [jvm.dll+0xc2441]
V  [jvm.dll+0xc29cc]
V  [jvm.dll+0x36fd27]
V  [jvm.dll+0x33c793]
V  [jvm.dll+0x33bb6a]
V  [jvm.dll+0x2186e5]
V  [jvm.dll+0x21788a]
V  [jvm.dll+0x19407c]
V  [jvm.dll+0x226c74]
V  [jvm.dll+0x224e98]
V  [jvm.dll+0x765e25]
V  [jvm.dll+0x75e875]
V  [jvm.dll+0x660b26]
C  [ucrtbase.dll+0x20e82]
C  [KERNEL32.DLL+0x17bd4]
C  [ntdll.dll+0x6ce51]


---------------  P R O C E S S  ---------------

Threads class SMR info:
_java_thread_list=0x000001d69cfb63d0, length=12, elements={
0x000001d6ffa33000, 0x000001d69bfa7000, 0x000001d69bfa9000, 0x000001d69c942800,
0x000001d69c943800, 0x000001d69bfbf800, 0x000001d69bfc0800, 0x000001d69bfc6000,
0x000001d69caab800, 0x000001d69caad000, 0x000001d69d058800, 0x000001d69d3f0800
}

Java Threads: ( => current thread )
  0x000001d6ffa33000 JavaThread "main" [_thread_in_Java, id=16516, stack(0x0000007962500000,0x0000007962700000)]
  0x000001d69bfa7000 JavaThread "Reference Handler" daemon [_thread_blocked, id=33608, stack(0x0000007962d00000,0x0000007962f00000)]
  0x000001d69bfa9000 JavaThread "Finalizer" daemon [_thread_blocked, id=32504, stack(0x0000007962f00000,0x0000007963100000)]
  0x000001d69c942800 JavaThread "Signal Dispatcher" daemon [_thread_blocked, id=29156, stack(0x0000007963100000,0x0000007963300000)]
  0x000001d69c943800 JavaThread "Attach Listener" daemon [_thread_blocked, id=12548, stack(0x0000007963300000,0x0000007963500000)]
  0x000001d69bfbf800 JavaThread "C2 CompilerThread0" daemon [_thread_in_native, id=32104, stack(0x0000007963500000,0x0000007963600000)]
  0x000001d69bfc0800 JavaThread "C1 CompilerThread0" daemon [_thread_blocked, id=24860, stack(0x0000007963600000,0x0000007963700000)]
  0x000001d69bfc6000 JavaThread "Sweeper thread" daemon [_thread_blocked, id=10008, stack(0x0000007963700000,0x0000007963900000)]
  0x000001d69caab800 JavaThread "Service Thread" daemon [_thread_blocked, id=24108, stack(0x0000007963900000,0x0000007963b00000)]
  0x000001d69caad000 JavaThread "Common-Cleaner" daemon [_thread_blocked, id=31916, stack(0x0000007963c00000,0x0000007963e00000)]
  0x000001d69d058800 JavaThread "C2 CompilerThread1" daemon [_thread_in_native, id=17100, stack(0x0000007963e00000,0x0000007963f00000)]
=>0x000001d69d3f0800 JavaThread "C2 CompilerThread2" daemon [_thread_in_native, id=1844, stack(0x0000007964100000,0x0000007964200000)]

Other Threads:
  0x000001d69bf82800 VMThread "VM Thread" [stack: 0x0000007962c00000,0x0000007962d00000] [id=32056]
  0x000001d69ca99000 WatcherThread [stack: 0x0000007963b00000,0x0000007963c00000] [id=6888]
  0x000001d6ffa49800 GCTaskThread "GC Thread#0" [stack: 0x0000007962700000,0x0000007962800000] [id=21776]
  0x000001d69d000800 GCTaskThread "GC Thread#1" [stack: 0x0000007963f00000,0x0000007964000000] [id=24152]
  0x000001d69d001000 GCTaskThread "GC Thread#2" [stack: 0x0000007964000000,0x0000007964100000] [id=14368]
  0x000001d6ffa51800 ConcurrentGCThread "G1 Main Marker" [stack: 0x0000007962800000,0x0000007962900000] [id=5648]
  0x000001d6ffa53000 ConcurrentGCThread "G1 Conc#0" [stack: 0x0000007962900000,0x0000007962a00000] [id=26268]
  0x000001d6ffaeb000 ConcurrentGCThread "G1 Refine#0" [stack: 0x0000007962a00000,0x0000007962b00000] [id=19812]
  0x000001d6ffaec000 ConcurrentGCThread "G1 Young RemSet Sampling" [stack: 0x0000007962b00000,0x0000007962c00000] [id=29248]

Threads with active compile tasks:
C2 CompilerThread01805   !   4       jdk.internal.loader.URLClassPath$JarLoader::getResource (353 bytes)
C2 CompilerThread12370       4       java.util.zip.ZipFile$Source::initCEN (606 bytes)
C2 CompilerThread22380   !   4       java.util.jar.JarFile::checkForSpecialAttributes (163 bytes)

VM state:not at safepoint (normal execution)

VM Mutex/Monitor currently owned by a thread: None

Heap address: 0x00000000f8000000, size: 128 MB, Compressed Oops mode: 32-bit
Narrow klass base: 0x0000000000000000, Narrow klass shift: 3
Compressed class space size: 1073741824 Address: 0x0000000100000000

Heap:
 garbage-first heap   total 131072K, used 27644K [0x00000000f8000000, 0x0000000100000000)
  region size 1024K, 25 young (25600K), 10 survivors (10240K)
 Metaspace       used 17465K, capacity 18145K, committed 18176K, reserved 1064960K
  class space    used 1779K, capacity 2022K, committed 2048K, reserved 1048576K
Heap Regions: E=young(eden), S=young(survivor), O=old, HS=humongous(starts), HC=humongous(continues), CS=collection set, F=free, A=archive, TAMS=top-at-mark-start (previous, next)
|   0|0x00000000f8000000, 0x00000000f80d3800, 0x00000000f8100000| 82%| O|  |TAMS 0x00000000f8000000, 0x00000000f8000000| Untracked 
|   1|0x00000000f8100000, 0x00000000f8100000, 0x00000000f8200000|  0%| F|  |TAMS 0x00000000f8100000, 0x00000000f8100000| Untracked 
|   2|0x00000000f8200000, 0x00000000f8200000, 0x00000000f8300000|  0%| F|  |TAMS 0x00000000f8200000, 0x00000000f8200000| Untracked 
|   3|0x00000000f8300000, 0x00000000f8300000, 0x00000000f8400000|  0%| F|  |TAMS 0x00000000f8300000, 0x00000000f8300000| Untracked 
|   4|0x00000000f8400000, 0x00000000f8500000, 0x00000000f8500000|100%|HS|  |TAMS 0x00000000f8400000, 0x00000000f8400000| Complete 
|   5|0x00000000f8500000, 0x00000000f8600000, 0x00000000f8600000|100%|HS|  |TAMS 0x00000000f8500000, 0x00000000f8500000| Complete 
|   6|0x00000000f8600000, 0x00000000f8700000, 0x00000000f8700000|100%|HC|  |TAMS 0x00000000f8600000, 0x00000000f8600000| Complete 
|   7|0x00000000f8700000, 0x00000000f8700000, 0x00000000f8800000|  0%| F|  |TAMS 0x00000000f8700000, 0x00000000f8700000| Untracked 
|   8|0x00000000f8800000, 0x00000000f8800000, 0x00000000f8900000|  0%| F|  |TAMS 0x00000000f8800000, 0x00000000f8800000| Untracked 
|   9|0x00000000f8900000, 0x00000000f8900000, 0x00000000f8a00000|  0%| F|  |TAMS 0x00000000f8900000, 0x00000000f8900000| Untracked 
|  10|0x00000000f8a00000, 0x00000000f8a00000, 0x00000000f8b00000|  0%| F|  |TAMS 0x00000000f8a00000, 0x00000000f8a00000| Untracked 
|  11|0x00000000f8b00000, 0x00000000f8b00000, 0x00000000f8c00000|  0%| F|  |TAMS 0x00000000f8b00000, 0x00000000f8b00000| Untracked 
|  12|0x00000000f8c00000, 0x00000000f8c00000, 0x00000000f8d00000|  0%| F|  |TAMS 0x00000000f8c00000, 0x00000000f8c00000| Untracked 
|  13|0x00000000f8d00000, 0x00000000f8d00000, 0x00000000f8e00000|  0%| F|  |TAMS 0x00000000f8d00000, 0x00000000f8d00000| Untracked 
|  14|0x00000000f8e00000, 0x00000000f8e00000, 0x00000000f8f00000|  0%| F|  |TAMS 0x00000000f8e00000, 0x00000000f8e00000| Untracked 
|  15|0x00000000f8f00000, 0x00000000f8f00000, 0x00000000f9000000|  0%| F|  |TAMS 0x00000000f8f00000, 0x00000000f8f00000| Untracked 
|  16|0x00000000f9000000, 0x00000000f9000000, 0x00000000f9100000|  0%| F|  |TAMS 0x00000000f9000000, 0x00000000f9000000| Untracked 
|  17|0x00000000f9100000, 0x00000000f9100000, 0x00000000f9200000|  0%| F|  |TAMS 0x00000000f9100000, 0x00000000f9100000| Untracked 
|  18|0x00000000f9200000, 0x00000000f9200000, 0x00000000f9300000|  0%| F|  |TAMS 0x00000000f9200000, 0x00000000f9200000| Untracked 
|  19|0x00000000f9300000, 0x00000000f9300000, 0x00000000f9400000|  0%| F|  |TAMS 0x00000000f9300000, 0x00000000f9300000| Untracked 
|  20|0x00000000f9400000, 0x00000000f9400000, 0x00000000f9500000|  0%| F|  |TAMS 0x00000000f9400000, 0x00000000f9400000| Untracked 
|  21|0x00000000f9500000, 0x00000000f9500000, 0x00000000f9600000|  0%| F|  |TAMS 0x00000000f9500000, 0x00000000f9500000| Untracked 
|  22|0x00000000f9600000, 0x00000000f9600000, 0x00000000f9700000|  0%| F|  |TAMS 0x00000000f9600000, 0x00000000f9600000| Untracked 
|  23|0x00000000f9700000, 0x00000000f9700000, 0x00000000f9800000|  0%| F|  |TAMS 0x00000000f9700000, 0x00000000f9700000| Untracked 
|  24|0x00000000f9800000, 0x00000000f9800000, 0x00000000f9900000|  0%| F|  |TAMS 0x00000000f9800000, 0x00000000f9800000| Untracked 
|  25|0x00000000f9900000, 0x00000000f9900000, 0x00000000f9a00000|  0%| F|  |TAMS 0x00000000f9900000, 0x00000000f9900000| Untracked 
|  26|0x00000000f9a00000, 0x00000000f9a00000, 0x00000000f9b00000|  0%| F|  |TAMS 0x00000000f9a00000, 0x00000000f9a00000| Untracked 
|  27|0x00000000f9b00000, 0x00000000f9b00000, 0x00000000f9c00000|  0%| F|  |TAMS 0x00000000f9b00000, 0x00000000f9b00000| Untracked 
|  28|0x00000000f9c00000, 0x00000000f9c00000, 0x00000000f9d00000|  0%| F|  |TAMS 0x00000000f9c00000, 0x00000000f9c00000| Untracked 
|  29|0x00000000f9d00000, 0x00000000f9d00000, 0x00000000f9e00000|  0%| F|  |TAMS 0x00000000f9d00000, 0x00000000f9d00000| Untracked 
|  30|0x00000000f9e00000, 0x00000000f9e00000, 0x00000000f9f00000|  0%| F|  |TAMS 0x00000000f9e00000, 0x00000000f9e00000| Untracked 
|  31|0x00000000f9f00000, 0x00000000f9f00000, 0x00000000fa000000|  0%| F|  |TAMS 0x00000000f9f00000, 0x00000000f9f00000| Untracked 
|  32|0x00000000fa000000, 0x00000000fa000000, 0x00000000fa100000|  0%| F|  |TAMS 0x00000000fa000000, 0x00000000fa000000| Untracked 
|  33|0x00000000fa100000, 0x00000000fa100000, 0x00000000fa200000|  0%| F|  |TAMS 0x00000000fa100000, 0x00000000fa100000| Untracked 
|  34|0x00000000fa200000, 0x00000000fa200000, 0x00000000fa300000|  0%| F|  |TAMS 0x00000000fa200000, 0x00000000fa200000| Untracked 
|  35|0x00000000fa300000, 0x00000000fa300000, 0x00000000fa400000|  0%| F|  |TAMS 0x00000000fa300000, 0x00000000fa300000| Untracked 
|  36|0x00000000fa400000, 0x00000000fa400000, 0x00000000fa500000|  0%| F|  |TAMS 0x00000000fa400000, 0x00000000fa400000| Untracked 
|  37|0x00000000fa500000, 0x00000000fa500000, 0x00000000fa600000|  0%| F|  |TAMS 0x00000000fa500000, 0x00000000fa500000| Untracked 
|  38|0x00000000fa600000, 0x00000000fa600000, 0x00000000fa700000|  0%| F|  |TAMS 0x00000000fa600000, 0x00000000fa600000| Untracked 
|  39|0x00000000fa700000, 0x00000000fa700000, 0x00000000fa800000|  0%| F|  |TAMS 0x00000000fa700000, 0x00000000fa700000| Untracked 
|  40|0x00000000fa800000, 0x00000000fa800000, 0x00000000fa900000|  0%| F|  |TAMS 0x00000000fa800000, 0x00000000fa800000| Untracked 
|  41|0x00000000fa900000, 0x00000000fa900000, 0x00000000faa00000|  0%| F|  |TAMS 0x00000000fa900000, 0x00000000fa900000| Untracked 
|  42|0x00000000faa00000, 0x00000000faa2b910, 0x00000000fab00000| 17%| S|CS|TAMS 0x00000000faa00000, 0x00000000faa00000| Complete 
|  43|0x00000000fab00000, 0x00000000fac00000, 0x00000000fac00000|100%| S|CS|TAMS 0x00000000fab00000, 0x00000000fab00000| Complete 
|  44|0x00000000fac00000, 0x00000000fad00000, 0x00000000fad00000|100%| S|CS|TAMS 0x00000000fac00000, 0x00000000fac00000| Complete 
|  45|0x00000000fad00000, 0x00000000fae00000, 0x00000000fae00000|100%| S|CS|TAMS 0x00000000fad00000, 0x00000000fad00000| Complete 
|  46|0x00000000fae00000, 0x00000000faf00000, 0x00000000faf00000|100%| S|CS|TAMS 0x00000000fae00000, 0x00000000fae00000| Complete 
|  47|0x00000000faf00000, 0x00000000fb000000, 0x00000000fb000000|100%| S|CS|TAMS 0x00000000faf00000, 0x00000000faf00000| Complete 
|  48|0x00000000fb000000, 0x00000000fb100000, 0x00000000fb100000|100%| S|CS|TAMS 0x00000000fb000000, 0x00000000fb000000| Complete 
|  49|0x00000000fb100000, 0x00000000fb200000, 0x00000000fb200000|100%| S|CS|TAMS 0x00000000fb100000, 0x00000000fb100000| Complete 
|  50|0x00000000fb200000, 0x00000000fb300000, 0x00000000fb300000|100%| S|CS|TAMS 0x00000000fb200000, 0x00000000fb200000| Complete 
|  51|0x00000000fb300000, 0x00000000fb400000, 0x00000000fb400000|100%| S|CS|TAMS 0x00000000fb300000, 0x00000000fb300000| Complete 
|  52|0x00000000fb400000, 0x00000000fb400000, 0x00000000fb500000|  0%| F|  |TAMS 0x00000000fb400000, 0x00000000fb400000| Untracked 
|  53|0x00000000fb500000, 0x00000000fb500000, 0x00000000fb600000|  0%| F|  |TAMS 0x00000000fb500000, 0x00000000fb500000| Untracked 
|  54|0x00000000fb600000, 0x00000000fb600000, 0x00000000fb700000|  0%| F|  |TAMS 0x00000000fb600000, 0x00000000fb600000| Untracked 
|  55|0x00000000fb700000, 0x00000000fb700000, 0x00000000fb800000|  0%| F|  |TAMS 0x00000000fb700000, 0x00000000fb700000| Untracked 
|  56|0x00000000fb800000, 0x00000000fb800000, 0x00000000fb900000|  0%| F|  |TAMS 0x00000000fb800000, 0x00000000fb800000| Untracked 
|  57|0x00000000fb900000, 0x00000000fb900000, 0x00000000fba00000|  0%| F|  |TAMS 0x00000000fb900000, 0x00000000fb900000| Untracked 
|  58|0x00000000fba00000, 0x00000000fba00000, 0x00000000fbb00000|  0%| F|  |TAMS 0x00000000fba00000, 0x00000000fba00000| Untracked 
|  59|0x00000000fbb00000, 0x00000000fbb00000, 0x00000000fbc00000|  0%| F|  |TAMS 0x00000000fbb00000, 0x00000000fbb00000| Untracked 
|  60|0x00000000fbc00000, 0x00000000fbc00000, 0x00000000fbd00000|  0%| F|  |TAMS 0x00000000fbc00000, 0x00000000fbc00000| Untracked 
|  61|0x00000000fbd00000, 0x00000000fbd00000, 0x00000000fbe00000|  0%| F|  |TAMS 0x00000000fbd00000, 0x00000000fbd00000| Untracked 
|  62|0x00000000fbe00000, 0x00000000fbe00000, 0x00000000fbf00000|  0%| F|  |TAMS 0x00000000fbe00000, 0x00000000fbe00000| Untracked 
|  63|0x00000000fbf00000, 0x00000000fbf00000, 0x00000000fc000000|  0%| F|  |TAMS 0x00000000fbf00000, 0x00000000fbf00000| Untracked 
|  64|0x00000000fc000000, 0x00000000fc000000, 0x00000000fc100000|  0%| F|  |TAMS 0x00000000fc000000, 0x00000000fc000000| Untracked 
|  65|0x00000000fc100000, 0x00000000fc100000, 0x00000000fc200000|  0%| F|  |TAMS 0x00000000fc100000, 0x00000000fc100000| Untracked 
|  66|0x00000000fc200000, 0x00000000fc200000, 0x00000000fc300000|  0%| F|  |TAMS 0x00000000fc200000, 0x00000000fc200000| Untracked 
|  67|0x00000000fc300000, 0x00000000fc300000, 0x00000000fc400000|  0%| F|  |TAMS 0x00000000fc300000, 0x00000000fc300000| Untracked 
|  68|0x00000000fc400000, 0x00000000fc400000, 0x00000000fc500000|  0%| F|  |TAMS 0x00000000fc400000, 0x00000000fc400000| Untracked 
|  69|0x00000000fc500000, 0x00000000fc500000, 0x00000000fc600000|  0%| F|  |TAMS 0x00000000fc500000, 0x00000000fc500000| Untracked 
|  70|0x00000000fc600000, 0x00000000fc600000, 0x00000000fc700000|  0%| F|  |TAMS 0x00000000fc600000, 0x00000000fc600000| Untracked 
|  71|0x00000000fc700000, 0x00000000fc700000, 0x00000000fc800000|  0%| F|  |TAMS 0x00000000fc700000, 0x00000000fc700000| Untracked 
|  72|0x00000000fc800000, 0x00000000fc800000, 0x00000000fc900000|  0%| F|  |TAMS 0x00000000fc800000, 0x00000000fc800000| Untracked 
|  73|0x00000000fc900000, 0x00000000fc900000, 0x00000000fca00000|  0%| F|  |TAMS 0x00000000fc900000, 0x00000000fc900000| Untracked 
|  74|0x00000000fca00000, 0x00000000fca00000, 0x00000000fcb00000|  0%| F|  |TAMS 0x00000000fca00000, 0x00000000fca00000| Untracked 
|  75|0x00000000fcb00000, 0x00000000fcb00000, 0x00000000fcc00000|  0%| F|  |TAMS 0x00000000fcb00000, 0x00000000fcb00000| Untracked 
|  76|0x00000000fcc00000, 0x00000000fcc00000, 0x00000000fcd00000|  0%| F|  |TAMS 0x00000000fcc00000, 0x00000000fcc00000| Untracked 
|  77|0x00000000fcd00000, 0x00000000fcd00000, 0x00000000fce00000|  0%| F|  |TAMS 0x00000000fcd00000, 0x00000000fcd00000| Untracked 
|  78|0x00000000fce00000, 0x00000000fce00000, 0x00000000fcf00000|  0%| F|  |TAMS 0x00000000fce00000, 0x00000000fce00000| Untracked 
|  79|0x00000000fcf00000, 0x00000000fcf00000, 0x00000000fd000000|  0%| F|  |TAMS 0x00000000fcf00000, 0x00000000fcf00000| Untracked 
|  80|0x00000000fd000000, 0x00000000fd000000, 0x00000000fd100000|  0%| F|  |TAMS 0x00000000fd000000, 0x00000000fd000000| Untracked 
|  81|0x00000000fd100000, 0x00000000fd100000, 0x00000000fd200000|  0%| F|  |TAMS 0x00000000fd100000, 0x00000000fd100000| Untracked 
|  82|0x00000000fd200000, 0x00000000fd200000, 0x00000000fd300000|  0%| F|  |TAMS 0x00000000fd200000, 0x00000000fd200000| Untracked 
|  83|0x00000000fd300000, 0x00000000fd300000, 0x00000000fd400000|  0%| F|  |TAMS 0x00000000fd300000, 0x00000000fd300000| Untracked 
|  84|0x00000000fd400000, 0x00000000fd400000, 0x00000000fd500000|  0%| F|  |TAMS 0x00000000fd400000, 0x00000000fd400000| Untracked 
|  85|0x00000000fd500000, 0x00000000fd500000, 0x00000000fd600000|  0%| F|  |TAMS 0x00000000fd500000, 0x00000000fd500000| Untracked 
|  86|0x00000000fd600000, 0x00000000fd600000, 0x00000000fd700000|  0%| F|  |TAMS 0x00000000fd600000, 0x00000000fd600000| Untracked 
|  87|0x00000000fd700000, 0x00000000fd700000, 0x00000000fd800000|  0%| F|  |TAMS 0x00000000fd700000, 0x00000000fd700000| Untracked 
|  88|0x00000000fd800000, 0x00000000fd800000, 0x00000000fd900000|  0%| F|  |TAMS 0x00000000fd800000, 0x00000000fd800000| Untracked 
|  89|0x00000000fd900000, 0x00000000fd900000, 0x00000000fda00000|  0%| F|  |TAMS 0x00000000fd900000, 0x00000000fd900000| Untracked 
|  90|0x00000000fda00000, 0x00000000fda00000, 0x00000000fdb00000|  0%| F|  |TAMS 0x00000000fda00000, 0x00000000fda00000| Untracked 
|  91|0x00000000fdb00000, 0x00000000fdb00000, 0x00000000fdc00000|  0%| F|  |TAMS 0x00000000fdb00000, 0x00000000fdb00000| Untracked 
|  92|0x00000000fdc00000, 0x00000000fdc00000, 0x00000000fdd00000|  0%| F|  |TAMS 0x00000000fdc00000, 0x00000000fdc00000| Untracked 
|  93|0x00000000fdd00000, 0x00000000fdd00000, 0x00000000fde00000|  0%| F|  |TAMS 0x00000000fdd00000, 0x00000000fdd00000| Untracked 
|  94|0x00000000fde00000, 0x00000000fde00000, 0x00000000fdf00000|  0%| F|  |TAMS 0x00000000fde00000, 0x00000000fde00000| Untracked 
|  95|0x00000000fdf00000, 0x00000000fdf00000, 0x00000000fe000000|  0%| F|  |TAMS 0x00000000fdf00000, 0x00000000fdf00000| Untracked 
|  96|0x00000000fe000000, 0x00000000fe000000, 0x00000000fe100000|  0%| F|  |TAMS 0x00000000fe000000, 0x00000000fe000000| Untracked 
|  97|0x00000000fe100000, 0x00000000fe100000, 0x00000000fe200000|  0%| F|  |TAMS 0x00000000fe100000, 0x00000000fe100000| Untracked 
|  98|0x00000000fe200000, 0x00000000fe200000, 0x00000000fe300000|  0%| F|  |TAMS 0x00000000fe200000, 0x00000000fe200000| Untracked 
|  99|0x00000000fe300000, 0x00000000fe300000, 0x00000000fe400000|  0%| F|  |TAMS 0x00000000fe300000, 0x00000000fe300000| Untracked 
| 100|0x00000000fe400000, 0x00000000fe400000, 0x00000000fe500000|  0%| F|  |TAMS 0x00000000fe400000, 0x00000000fe400000| Untracked 
| 101|0x00000000fe500000, 0x00000000fe500000, 0x00000000fe600000|  0%| F|  |TAMS 0x00000000fe500000, 0x00000000fe500000| Untracked 
| 102|0x00000000fe600000, 0x00000000fe600000, 0x00000000fe700000|  0%| F|  |TAMS 0x00000000fe600000, 0x00000000fe600000| Untracked 
| 103|0x00000000fe700000, 0x00000000fe700000, 0x00000000fe800000|  0%| F|  |TAMS 0x00000000fe700000, 0x00000000fe700000| Untracked 
| 104|0x00000000fe800000, 0x00000000fe800000, 0x00000000fe900000|  0%| F|  |TAMS 0x00000000fe800000, 0x00000000fe800000| Untracked 
| 105|0x00000000fe900000, 0x00000000fe900000, 0x00000000fea00000|  0%| F|  |TAMS 0x00000000fe900000, 0x00000000fe900000| Untracked 
| 106|0x00000000fea00000, 0x00000000fea00000, 0x00000000feb00000|  0%| F|  |TAMS 0x00000000fea00000, 0x00000000fea00000| Untracked 
| 107|0x00000000feb00000, 0x00000000feb00000, 0x00000000fec00000|  0%| F|  |TAMS 0x00000000feb00000, 0x00000000feb00000| Untracked 
| 108|0x00000000fec00000, 0x00000000fec00000, 0x00000000fed00000|  0%| F|  |TAMS 0x00000000fec00000, 0x00000000fec00000| Untracked 
| 109|0x00000000fed00000, 0x00000000fed00000, 0x00000000fee00000|  0%| F|  |TAMS 0x00000000fed00000, 0x00000000fed00000| Untracked 
| 110|0x00000000fee00000, 0x00000000fee00000, 0x00000000fef00000|  0%| F|  |TAMS 0x00000000fee00000, 0x00000000fee00000| Untracked 
| 111|0x00000000fef00000, 0x00000000fef00000, 0x00000000ff000000|  0%| F|  |TAMS 0x00000000fef00000, 0x00000000fef00000| Untracked 
| 112|0x00000000ff000000, 0x00000000ff000000, 0x00000000ff100000|  0%| F|  |TAMS 0x00000000ff000000, 0x00000000ff000000| Untracked 
| 113|0x00000000ff100000, 0x00000000ff18d2e0, 0x00000000ff200000| 55%| E|  |TAMS 0x00000000ff100000, 0x00000000ff100000| Complete 
| 114|0x00000000ff200000, 0x00000000ff300000, 0x00000000ff300000|100%| E|CS|TAMS 0x00000000ff200000, 0x00000000ff200000| Complete 
| 115|0x00000000ff300000, 0x00000000ff400000, 0x00000000ff400000|100%| E|CS|TAMS 0x00000000ff300000, 0x00000000ff300000| Complete 
| 116|0x00000000ff400000, 0x00000000ff500000, 0x00000000ff500000|100%| E|CS|TAMS 0x00000000ff400000, 0x00000000ff400000| Complete 
| 117|0x00000000ff500000, 0x00000000ff600000, 0x00000000ff600000|100%| E|CS|TAMS 0x00000000ff500000, 0x00000000ff500000| Complete 
| 118|0x00000000ff600000, 0x00000000ff700000, 0x00000000ff700000|100%| E|CS|TAMS 0x00000000ff600000, 0x00000000ff600000| Complete 
| 119|0x00000000ff700000, 0x00000000ff800000, 0x00000000ff800000|100%| E|CS|TAMS 0x00000000ff700000, 0x00000000ff700000| Complete 
| 120|0x00000000ff800000, 0x00000000ff900000, 0x00000000ff900000|100%| E|CS|TAMS 0x00000000ff800000, 0x00000000ff800000| Complete 
| 121|0x00000000ff900000, 0x00000000ffa00000, 0x00000000ffa00000|100%| E|CS|TAMS 0x00000000ff900000, 0x00000000ff900000| Complete 
| 122|0x00000000ffa00000, 0x00000000ffb00000, 0x00000000ffb00000|100%| E|CS|TAMS 0x00000000ffa00000, 0x00000000ffa00000| Complete 
| 123|0x00000000ffb00000, 0x00000000ffc00000, 0x00000000ffc00000|100%| E|CS|TAMS 0x00000000ffb00000, 0x00000000ffb00000| Complete 
| 124|0x00000000ffc00000, 0x00000000ffd00000, 0x00000000ffd00000|100%| E|CS|TAMS 0x00000000ffc00000, 0x00000000ffc00000| Complete 
| 125|0x00000000ffd00000, 0x00000000ffe00000, 0x00000000ffe00000|100%| E|CS|TAMS 0x00000000ffd00000, 0x00000000ffd00000| Complete 
| 126|0x00000000ffe00000, 0x00000000fff00000, 0x00000000fff00000|100%| E|CS|TAMS 0x00000000ffe00000, 0x00000000ffe00000| Complete 
| 127|0x00000000fff00000, 0x0000000100000000, 0x0000000100000000|100%| E|CS|TAMS 0x00000000fff00000, 0x00000000fff00000| Complete 

Card table byte_map: [0x000001d6990f0000,0x000001d699130000] _byte_map_base: 0x000001d698930000

Marking Bits (Prev, Next): (CMBitMap*) 0x000001d6ffa505a8, (CMBitMap*) 0x000001d6ffa505e0
 Prev Bits: [0x000001d699170000, 0x000001d699370000)
 Next Bits: [0x000001d699370000, 0x000001d699570000)

Polling page: 0x000001d6ffb00000

Metaspace:

Usage:
  Non-class:     15.75 MB capacity,    15.34 MB ( 97%) used,   378.68 KB (  2%) free+waste,    40.75 KB ( <1%) overhead. 
      Class:      1.97 MB capacity,     1.74 MB ( 88%) used,   218.39 KB ( 11%) free+waste,    19.44 KB ( <1%) overhead. 
       Both:     17.72 MB capacity,    17.08 MB ( 96%) used,   597.07 KB (  3%) free+waste,    60.19 KB ( <1%) overhead. 

Virtual space:
  Non-class space:       16.00 MB reserved,      15.75 MB ( 98%) committed 
      Class space:        1.00 GB reserved,       2.00 MB ( <1%) committed 
             Both:        1.02 GB reserved,      17.75 MB (  2%) committed 

Chunk freelists:
   Non-Class:  640 bytes
       Class:  3.25 KB
        Both:  3.88 KB

CodeHeap 'non-profiled nmethods': size=120000Kb used=942Kb max_used=942Kb free=119057Kb
 bounds [0x000001d691210000, 0x000001d691480000, 0x000001d698740000]
CodeHeap 'profiled nmethods': size=120000Kb used=5417Kb max_used=5417Kb free=114582Kb
 bounds [0x000001d689ce0000, 0x000001d68a230000, 0x000001d691210000]
CodeHeap 'non-nmethods': size=5760Kb used=1122Kb max_used=1149Kb free=4637Kb
 bounds [0x000001d689740000, 0x000001d6899b0000, 0x000001d689ce0000]
 total_blobs=3495 nmethods=2423 adapters=346
 compilation: enabled
              stopped_count=0, restarted_count=0
 full_count=0

Compilation events (10 events):
Event: 1.037 Thread 0x000001d69bfc0800 nmethod 2416 0x000001d68a21fc90 code [0x000001d68a21fe20, 0x000001d68a21ff78]
Event: 1.037 Thread 0x000001d69bfc0800 2417       3       java.util.ImmutableCollections$List12::size (13 bytes)
Event: 1.037 Thread 0x000001d69bfc0800 nmethod 2417 0x000001d68a220010 code [0x000001d68a2201c0, 0x000001d68a220398]
Event: 1.038 Thread 0x000001d69bfc0800 2420       3       jdk.internal.org.objectweb.asm.AnnotationWriter::<init> (34 bytes)
Event: 1.038 Thread 0x000001d69bfc0800 nmethod 2420 0x000001d68a220410 code [0x000001d68a2205e0, 0x000001d68a220950]
Event: 1.038 Thread 0x000001d69bfc0800 2421       3       jdk.internal.org.objectweb.asm.AnnotationVisitor::<init> (7 bytes)
Event: 1.038 Thread 0x000001d69bfc0800 nmethod 2421 0x000001d68a220a90 code [0x000001d68a220c60, 0x000001d68a220ff0]
Event: 1.038 Thread 0x000001d69bfc0800 2422       1       java.lang.invoke.MethodHandleImpl::isCompileConstant (2 bytes)
Event: 1.038 Thread 0x000001d69bfc0800 nmethod 2422 0x000001d6912faf90 code [0x000001d6912fb120, 0x000001d6912fb218]
Event: 1.040 Thread 0x000001d69bfc0800 2423       3       sun.reflect.generics.parser.SignatureParser::current (59 bytes)

GC Heap History (4 events):
Event: 0.461 GC heap before
{Heap before GC invocations=0 (full 0):
 garbage-first heap   total 131072K, used 23552K [0x00000000f8000000, 0x0000000100000000)
  region size 1024K, 24 young (24576K), 0 survivors (0K)
 Metaspace       used 12465K, capacity 12771K, committed 12800K, reserved 1060864K
  class space    used 1157K, capacity 1272K, committed 1280K, reserved 1048576K
}
Event: 0.465 GC heap after
{Heap after GC invocations=1 (full 0):
 garbage-first heap   total 131072K, used 3918K [0x00000000f8000000, 0x0000000100000000)
  region size 1024K, 3 young (3072K), 3 survivors (3072K)
 Metaspace       used 12465K, capacity 12771K, committed 12800K, reserved 1060864K
  class space    used 1157K, capacity 1272K, committed 1280K, reserved 1048576K
}
Event: 0.909 GC heap before
{Heap before GC invocations=1 (full 0):
 garbage-first heap   total 131072K, used 83790K [0x00000000f8000000, 0x0000000100000000)
  region size 1024K, 76 young (77824K), 3 survivors (3072K)
 Metaspace       used 16237K, capacity 16860K, committed 17024K, reserved 1064960K
  class space    used 1602K, capacity 1825K, committed 1920K, reserved 1048576K
}
Event: 0.917 GC heap after
{Heap after GC invocations=2 (full 0):
 garbage-first heap   total 131072K, used 13308K [0x00000000f8000000, 0x0000000100000000)
  region size 1024K, 10 young (10240K), 10 survivors (10240K)
 Metaspace       used 16237K, capacity 16860K, committed 17024K, reserved 1064960K
  class space    used 1602K, capacity 1825K, committed 1920K, reserved 1048576K
}

Deoptimization events (10 events):
Event: 0.806 Thread 0x000001d6ffa33000 Uncommon trap: reason=unstable_if action=reinterpret pc=0x000001d6912d9a18 method=java.util.zip.ZipFile$Source.isMetaName([BII)Z @ 43 c2
Event: 0.887 Thread 0x000001d6ffa33000 Uncommon trap: reason=unloaded action=reinterpret pc=0x000001d691278f34 method=java.util.jar.JarFile.checkForSpecialAttributes()V @ 99 c2
Event: 0.905 Thread 0x000001d6ffa33000 Uncommon trap: reason=unloaded action=reinterpret pc=0x000001d69125f318 method=java.util.jar.JarFile.checkForSpecialAttributes()V @ 99 c2
Event: 0.970 Thread 0x000001d6ffa33000 Uncommon trap: reason=unstable_if action=reinterpret pc=0x000001d6912a4f64 method=java.util.HashMap.getNode(ILjava/lang/Object;)Ljava/util/HashMap$Node; @ 62 c2
Event: 0.970 Thread 0x000001d6ffa33000 Uncommon trap: reason=class_check action=maybe_recompile pc=0x000001d69125525c method=java.util.HashMap.putVal(ILjava/lang/Object;Ljava/lang/Object;ZZ)Ljava/lang/Object; @ 91 c2
Event: 0.970 Thread 0x000001d6ffa33000 Uncommon trap: reason=unstable_if action=reinterpret pc=0x000001d691261ebc method=java.util.HashMap.getNode(ILjava/lang/Object;)Ljava/util/HashMap$Node; @ 62 c2
Event: 0.970 Thread 0x000001d6ffa33000 Uncommon trap: reason=class_check action=maybe_recompile pc=0x000001d69125525c method=java.util.HashMap.putVal(ILjava/lang/Object;Ljava/lang/Object;ZZ)Ljava/lang/Object; @ 91 c2
Event: 0.970 Thread 0x000001d6ffa33000 Uncommon trap: reason=class_check action=maybe_recompile pc=0x000001d69125525c method=java.util.HashMap.putVal(ILjava/lang/Object;Ljava/lang/Object;ZZ)Ljava/lang/Object; @ 91 c2
Event: 0.971 Thread 0x000001d6ffa33000 Uncommon trap: reason=class_check action=maybe_recompile pc=0x000001d69125525c method=java.util.HashMap.putVal(ILjava/lang/Object;Ljava/lang/Object;ZZ)Ljava/lang/Object; @ 91 c2
Event: 0.974 Thread 0x000001d6ffa33000 Uncommon trap: reason=unstable_if action=reinterpret pc=0x000001d69124ff94 method=java.util.concurrent.ConcurrentHashMap.get(Ljava/lang/Object;)Ljava/lang/Object; @ 76 c2

Classes redefined (0 events):
No events

Internal exceptions (10 events):
Event: 0.707 Thread 0x000001d6ffa33000 Exception <a 'java/lang/NoSuchMethodError'{0x00000000fe17d450}: java.lang.invoke.DirectMethodHandle$Holder.invokeSpecial(Ljava/lang/Object;Ljava/lang/Object;Ljava/lang/Object;Ljava/lang/Object;)I> (0x00000000fe17d450) thrown at [./open/src/hotspot/share/i
Event: 0.752 Thread 0x000001d6ffa33000 Exception <a 'java/lang/NoSuchMethodError'{0x00000000fdee29e8}: java.lang.invoke.DirectMethodHandle$Holder.invokeSpecial(Ljava/lang/Object;Ljava/lang/Object;Ljava/lang/Object;Ljava/lang/Object;Ljava/lang/Object;)I> (0x00000000fdee29e8) thrown at [./open/s
Event: 1.031 Thread 0x000001d6ffa33000 Exception <a 'java/lang/NoSuchMethodError'{0x00000000ff3965f0}: java.lang.invoke.DirectMethodHandle$Holder.invokeStatic(Ljava/lang/Object;Ljava/lang/Object;Ljava/lang/Object;Ljava/lang/Object;Ljava/lang/Object;Ljava/lang/Object;Ljava/lang/Object;Ljava/lan
Event: 1.032 Thread 0x000001d6ffa33000 Exception <a 'java/lang/NoSuchMethodError'{0x00000000ff3b4dd0}: java.lang.invoke.DirectMethodHandle$Holder.invokeStatic(Ljava/lang/Object;Ljava/lang/Object;Ljava/lang/Object;Ljava/lang/Object;Ljava/lang/Object;Ljava/lang/Object;Ljava/lang/Object;Ljava/lan
Event: 1.033 Thread 0x000001d6ffa33000 Exception <a 'java/lang/NoSuchMethodError'{0x00000000ff3d3fc0}: java.lang.invoke.DirectMethodHandle$Holder.invokeStatic(Ljava/lang/Object;Ljava/lang/Object;Ljava/lang/Object;Ljava/lang/Object;Ljava/lang/Object;Ljava/lang/Object;Ljava/lang/Object;Ljava/lan
Event: 1.034 Thread 0x000001d6ffa33000 Exception <a 'java/lang/NoSuchMethodError'{0x00000000ff3f48b0}: java.lang.invoke.DirectMethodHandle$Holder.invokeStatic(Ljava/lang/Object;Ljava/lang/Object;Ljava/lang/Object;Ljava/lang/Object;Ljava/lang/Object;Ljava/lang/Object;Ljava/lang/Object;Ljava/lan
Event: 1.035 Thread 0x000001d6ffa33000 Exception <a 'java/lang/ClassNotFoundException'{0x00000000ff2131a8}: org/apache/log4j/PatternLayoutBeanInfo> (0x00000000ff2131a8) thrown at [./open/src/hotspot/share/classfile/systemDictionary.cpp, line 228]
Event: 1.036 Thread 0x000001d6ffa33000 Exception <a 'java/lang/ClassNotFoundException'{0x00000000ff224d50}: org/apache/log4j/LayoutBeanInfo> (0x00000000ff224d50) thrown at [./open/src/hotspot/share/classfile/systemDictionary.cpp, line 228]
Event: 1.036 Thread 0x000001d6ffa33000 Exception <a 'java/lang/ClassNotFoundException'{0x00000000ff225d38}: java/lang/ObjectBeanInfo> (0x00000000ff225d38) thrown at [./open/src/hotspot/share/classfile/systemDictionary.cpp, line 228]
Event: 1.037 Thread 0x000001d6ffa33000 Exception <a 'java/lang/ClassNotFoundException'{0x00000000ff24e1a0}: java/lang/ObjectCustomizer> (0x00000000ff24e1a0) thrown at [./open/src/hotspot/share/classfile/systemDictionary.cpp, line 228]

Events (10 events):
Event: 1.039 loading class sun/reflect/generics/reflectiveObjects/WildcardTypeImpl
Event: 1.040 loading class java/lang/reflect/WildcardType
Event: 1.040 loading class java/lang/reflect/WildcardType done
Event: 1.040 loading class sun/reflect/generics/reflectiveObjects/LazyReflectiveObjectGenerator
Event: 1.040 loading class sun/reflect/generics/reflectiveObjects/LazyReflectiveObjectGenerator done
Event: 1.040 loading class sun/reflect/generics/reflectiveObjects/WildcardTypeImpl done
Event: 1.040 loading class sun/reflect/generics/reflectiveObjects/ParameterizedTypeImpl
Event: 1.040 loading class java/lang/reflect/ParameterizedType
Event: 1.040 loading class java/lang/reflect/ParameterizedType done
Event: 1.040 loading class sun/reflect/generics/reflectiveObjects/ParameterizedTypeImpl done


Dynamic libraries:
0x00007ff7bf5f0000 - 0x00007ff7bf637000 	C:\Program Files\Java\jdk-11.0.7\bin\java.exe
0x00007ff909ee0000 - 0x00007ff90a0d0000 	C:\Windows\SYSTEM32\ntdll.dll
0x00007ff9093d0000 - 0x00007ff909482000 	C:\Windows\System32\KERNEL32.DLL
0x00007ff906ec0000 - 0x00007ff907164000 	C:\Windows\System32\KERNELBASE.dll
0x00007ff908100000 - 0x00007ff9081a3000 	C:\Windows\System32\ADVAPI32.dll
0x00007ff909330000 - 0x00007ff9093ce000 	C:\Windows\System32\msvcrt.dll
0x00007ff907f90000 - 0x00007ff908027000 	C:\Windows\System32\sechost.dll
0x00007ff908f00000 - 0x00007ff909020000 	C:\Windows\System32\RPCRT4.dll
0x00007ff908970000 - 0x00007ff908b04000 	C:\Windows\System32\USER32.dll
0x00007ff907d10000 - 0x00007ff907d31000 	C:\Windows\System32\win32u.dll
0x00007ff9096d0000 - 0x00007ff9096f6000 	C:\Windows\System32\GDI32.dll
0x00007ff907a70000 - 0x00007ff907c05000 	C:\Windows\System32\gdi32full.dll
0x00007ff907ef0000 - 0x00007ff907f8e000 	C:\Windows\System32\msvcp_win.dll
0x00007ff907970000 - 0x00007ff907a6a000 	C:\Windows\System32\ucrtbase.dll
0x00007ff900510000 - 0x00007ff90051a000 	C:\Windows\SYSTEM32\VERSION.dll
0x00007ff8f5ff0000 - 0x00007ff8f6274000 	C:\Windows\WinSxS\amd64_microsoft.windows.common-controls_6595b64144ccf1df_6.0.18362.900_none_e6beb9d913147d17\COMCTL32.dll
0x00007ff908630000 - 0x00007ff908965000 	C:\Windows\System32\combase.dll
0x00007ff907170000 - 0x00007ff9071f0000 	C:\Windows\System32\bcryptPrimitives.dll
0x00007ff9090f0000 - 0x00007ff90911e000 	C:\Windows\System32\IMM32.DLL
0x00007ff901470000 - 0x00007ff901486000 	C:\Program Files\Java\jdk-11.0.7\bin\vcruntime140.dll
0x00007ff8eff00000 - 0x00007ff8effaa000 	C:\Program Files\Java\jdk-11.0.7\bin\msvcp140.dll
0x00007ff89b140000 - 0x00007ff89bca1000 	C:\Program Files\Java\jdk-11.0.7\bin\server\jvm.dll
0x00007ff9081b0000 - 0x00007ff9081b8000 	C:\Windows\System32\PSAPI.DLL
0x00007ff901350000 - 0x00007ff901359000 	C:\Windows\SYSTEM32\WSOCK32.dll
0x00007ff903f50000 - 0x00007ff903f74000 	C:\Windows\SYSTEM32\WINMM.dll
0x00007ff908cd0000 - 0x00007ff908d3f000 	C:\Windows\System32\WS2_32.dll
0x00007ff902960000 - 0x00007ff90298d000 	C:\Windows\SYSTEM32\WINMMBASE.dll
0x00007ff906e70000 - 0x00007ff906eba000 	C:\Windows\System32\cfgmgr32.dll
0x00007ff906db0000 - 0x00007ff906dc1000 	C:\Windows\System32\kernel.appcore.dll
0x00007ff8f4380000 - 0x00007ff8f4391000 	C:\Program Files\Java\jdk-11.0.7\bin\verify.dll
0x00007ff9056d0000 - 0x00007ff9058c4000 	C:\Windows\SYSTEM32\DBGHELP.DLL
0x00007ff8ebf40000 - 0x00007ff8ebf6a000 	C:\Windows\SYSTEM32\dbgcore.DLL
0x00007ff8f4010000 - 0x00007ff8f4039000 	C:\Program Files\Java\jdk-11.0.7\bin\java.dll
0x00007ff8fc660000 - 0x00007ff8fc66a000 	C:\Program Files\Java\jdk-11.0.7\bin\jimage.dll
0x00007ff8f2c10000 - 0x00007ff8f2c26000 	C:\Program Files\Java\jdk-11.0.7\bin\zip.dll
0x00007ff909700000 - 0x00007ff909de6000 	C:\Windows\System32\SHELL32.dll
0x00007ff909280000 - 0x00007ff909329000 	C:\Windows\System32\shcore.dll
0x00007ff9071f0000 - 0x00007ff907970000 	C:\Windows\System32\windows.storage.dll
0x00007ff906dd0000 - 0x00007ff906df3000 	C:\Windows\System32\profapi.dll
0x00007ff906e20000 - 0x00007ff906e6a000 	C:\Windows\System32\powrprof.dll
0x00007ff906da0000 - 0x00007ff906db0000 	C:\Windows\System32\UMPDC.dll
0x00007ff908040000 - 0x00007ff908092000 	C:\Windows\System32\shlwapi.dll
0x00007ff907cf0000 - 0x00007ff907d07000 	C:\Windows\System32\cryptsp.dll
0x00007ff8f2bf0000 - 0x00007ff8f2c09000 	C:\Program Files\Java\jdk-11.0.7\bin\net.dll
0x00007ff8f5c00000 - 0x00007ff8f5cf0000 	C:\Windows\SYSTEM32\WINHTTP.dll
0x00007ff906610000 - 0x00007ff906677000 	C:\Windows\system32\mswsock.dll
0x00007ff8f2000000 - 0x00007ff8f2013000 	C:\Program Files\Java\jdk-11.0.7\bin\nio.dll

dbghelp: loaded successfully - version: 4.0.5 - missing functions: none
symbol engine: initialized successfully - sym options: 0x614 - pdb path: .;C:\Program Files\Java\jdk-11.0.7\bin;C:\Windows\SYSTEM32;C:\Windows\WinSxS\amd64_microsoft.windows.common-controls_6595b64144ccf1df_6.0.18362.900_none_e6beb9d913147d17;C:\Program Files\Java\jdk-11.0.7\bin\server

VM Arguments:
jvm_args: -Xmx128m -Xss2m -Dant.home=C:\Program Files\JetBrains\IntelliJ IDEA Community Edition 2020.1.1\lib\ant -Dant.library.dir=C:\Program Files\JetBrains\IntelliJ IDEA Community Edition 2020.1.1\lib\ant\lib -Dfile.encoding=UTF-8 
java_command: com.intellij.rt.ant.execution.AntMain2 -logger com.intellij.rt.ant.execution.IdeaAntLogger2 -inputhandler com.intellij.rt.ant.execution.IdeaInputHandler -buildfile D:\tvpage-hybris\hybris\bin\custom\tvpageservices\build.xml all
java_class_path (initial): C:\Program Files\Java\jdk-11.0.7!\java.base;C:\Program Files\Java\jdk-11.0.7!\java.compiler;C:\Program Files\Java\jdk-11.0.7!\java.datatransfer;C:\Program Files\Java\jdk-11.0.7!\java.desktop;C:\Program Files\Java\jdk-11.0.7!\java.instrument;C:\Program Files\Java\jdk-11.0.7!\java.logging;C:\Program Files\Java\jdk-11.0.7!\java.management;C:\Program Files\Java\jdk-11.0.7!\java.management.rmi;C:\Program Files\Java\jdk-11.0.7!\java.naming;C:\Program Files\Java\jdk-11.0.7!\java.net.http;C:\Program Files\Java\jdk-11.0.7!\java.prefs;C:\Program Files\Java\jdk-11.0.7!\java.rmi;C:\Program Files\Java\jdk-11.0.7!\java.scripting;C:\Program Files\Java\jdk-11.0.7!\java.se;C:\Program Files\Java\jdk-11.0.7!\java.security.jgss;C:\Program Files\Java\jdk-11.0.7!\java.security.sasl;C:\Program Files\Java\jdk-11.0.7!\java.smartcardio;C:\Program Files\Java\jdk-11.0.7!\java.sql;C:\Program Files\Java\jdk-11.0.7!\java.sql.rowset;C:\Program Files\Java\jdk-11.0.7!\java.transaction.xa;C:\Program Files\Java\jdk-11.0.7!\java.xml;C:\Program Files\Java\jdk-11.0.7!\java.xml.crypto;C:\Program Files\Java\jdk-11.0.7!\jdk.accessibility;C:\Program Files\Java\jdk-11.0.7!\jdk.aot;C:\Program Files\Java\jdk-11.0.7!\jdk.attach;C:\Program Files\Java\jdk-11.0.7!\jdk.charsets;C:\Program Files\Java\jdk-11.0.7!\jdk.compiler;C:\Program Files\Java\jdk-11.0.7!\jdk.crypto.cryptoki;C:\Program Files\Java\jdk-11.0.7!\jdk.crypto.ec;C:\Program Files\Java\jdk-11.0.7!\jdk.crypto.mscapi;C:\Program Files\Java\jdk-11.0.7!\jdk.dynalink;C:\Program Files\Java\jdk-11.0.7!\jdk.editpad;C:\Program Files\Java\jdk-11.0.7!\jdk.hotspot.agent;C:\Program Files\Java\jdk-11.0.7!\jdk.httpserver;C:\Program Files\Java\jdk-11.0.7!\jdk.internal.ed;C:\Program Files\Java\jdk-11.0.7!\jdk.internal.jvmstat;C:\Program Files\Java\jdk-11.0.7!\jdk.internal.le;C:\Program Files\Java\jdk-11.0.7!\jdk.internal.opt;C:\Program Files\Java\jdk-11.0.7!\jdk.internal.vm.ci;C:\Program Files\Java\jdk-11.0.7!\jdk.internal.vm.compiler;C:\Program
Launcher Type: SUN_STANDARD

[Global flags]
     intx CICompilerCount                          = 4                                         {product} {ergonomic}
     uint ConcGCThreads                            = 2                                         {product} {ergonomic}
     uint G1ConcRefinementThreads                  = 8                                         {product} {ergonomic}
   size_t G1HeapRegionSize                         = 1048576                                   {product} {ergonomic}
    uintx GCDrainStackTargetSize                   = 64                                        {product} {ergonomic}
   size_t InitialHeapSize                          = 134217728                                 {product} {ergonomic}
   size_t MarkStackSize                            = 4194304                                   {product} {ergonomic}
   size_t MaxHeapSize                              = 134217728                                 {product} {command line}
   size_t MaxNewSize                               = 79691776                                  {product} {ergonomic}
   size_t MinHeapDeltaBytes                        = 1048576                                   {product} {ergonomic}
    uintx NonNMethodCodeHeapSize                   = 5836300                                {pd product} {ergonomic}
    uintx NonProfiledCodeHeapSize                  = 122910970                              {pd product} {ergonomic}
    uintx ProfiledCodeHeapSize                     = 122910970                              {pd product} {ergonomic}
    uintx ReservedCodeCacheSize                    = 251658240                              {pd product} {ergonomic}
     bool SegmentedCodeCache                       = true                                      {product} {ergonomic}
     intx ThreadStackSize                          = 2048                                   {pd product} {command line}
     bool UseCompressedClassPointers               = true                                 {lp64_product} {ergonomic}
     bool UseCompressedOops                        = true                                 {lp64_product} {ergonomic}
     bool UseG1GC                                  = true                                      {product} {ergonomic}
     bool UseLargePagesIndividualAllocation        = false                                  {pd product} {ergonomic}

Logging:
Log output configuration:
 #0: stdout all=warning uptime,level,tags
 #1: stderr all=off uptime,level,tags

Environment Variables:
JAVA_HOME=C:\Program Files\Java\jdk-11.0.7
PATH=C:\Program Files\Java\jdk-11.0.7\bin;C:\Windows\system32;C:\Windows;C:\Windows\System32\Wbem;C:\Windows\System32\WindowsPowerShell\v1.0\;C:\Windows\System32\OpenSSH\;C:\Program Files (x86)\Intel\Intel(R) Management Engine Components\DAL;C:\Program Files\Intel\Intel(R) Management Engine Components\DAL;C:\Program Files (x86)\NVIDIA Corporation\PhysX\Common;C:\Program Files\NVIDIA Corporation\NVIDIA NvDLISR;C:\Program Files\PuTTY\;C:\Program Files\Microsoft SQL Server\Client SDK\ODBC\110\Tools\Binn\;C:\Program Files (x86)\Microsoft SQL Server\120\Tools\Binn\;C:\Program Files\Microsoft SQL Server\120\Tools\Binn\;C:\Program Files\Microsoft SQL Server\120\DTS\Binn\;C:\Program Files (x86)\Common Files\Oracle\Java\javapath;C:\Program Files (x86)\Microsoft SQL Server\150\DTS\Binn\;%MAVNE_HOME%\bin;C:\Program Files\MySQL\MySQL Server 5.5\bin;C:\Program Files\Git\cmd;C:\Users\Bharathi\AppData\Local\Microsoft\WindowsApps;C:\Users\Bharathi\AppData\Local\Programs\Microsoft VS Code\bin;C:\Program Files\JetBrains\IntelliJ IDEA 2019.3.2\bin;;E:\software\apache-maven-3.6.3\bin;;C:\Program Files\JetBrains\IntelliJ IDEA Community Edition 2020.1.1\bin;
USERNAME=Bharathi
OS=Windows_NT
PROCESSOR_IDENTIFIER=Intel64 Family 6 Model 142 Stepping 12, GenuineIntel



---------------  S Y S T E M  ---------------

OS: Windows 10 , 64 bit Build 18362 (10.0.18362.900)

CPU:total 8 (initial active 8) (4 cores per cpu, 2 threads per core) family 6 model 142 stepping 12, cmov, cx8, fxsr, mmx, sse, sse2, sse3, ssse3, sse4.1, sse4.2, popcnt, avx, avx2, aes, clmul, erms, 3dnowpref, lzcnt, ht, tsc, tscinvbit, bmi1, bmi2, adx, fma

Memory: 4k page, system-wide physical 16260M (3277M free)
TotalPageFile size 24260M (AvailPageFile size 5M)
current process WorkingSet (physical memory assigned to process): 187M, peak: 187M
current process commit charge ("private bytes"): 270M, peak: 270M

vm_info: Java HotSpot(TM) 64-Bit Server VM (11.0.7+8-LTS) for windows-amd64 JRE (11.0.7+8-LTS), built on Mar 12 2020 02:04:32 by "mach5one" with MS VC++ 15.5 (VS2017)

END.
