#
# There is insufficient memory for the Java Runtime Environment to continue.
# Native memory allocation (mmap) failed to map 134217728 bytes for Failed to commit area from 0x00000000f8000000 to 0x0000000100000000 of length 134217728.
# Possible reasons:
#   The system is out of physical RAM or swap space
#   The process is running with CompressedOops enabled, and the Java Heap may be blocking the growth of the native heap
# Possible solutions:
#   Reduce memory load on the system
#   Increase physical memory or swap space
#   Check if swap backing store is full
#   Decrease Java heap size (-Xmx/-Xms)
#   Decrease number of Java threads
#   Decrease Java thread stack sizes (-Xss)
#   Set larger code cache with -XX:ReservedCodeCacheSize=
# This output file may be truncated or incomplete.
#
#  Out of Memory Error (./open/src/hotspot/os/windows/os_windows.cpp:3271), pid=30680, tid=34812
#
# JRE version:  (11.0.7+8) (build )
# Java VM: Java HotSpot(TM) 64-Bit Server VM (11.0.7+8-LTS, mixed mode, sharing, tiered, compressed oops, g1 gc, windows-amd64)
# No core dump will be written. Minidumps are not enabled by default on client versions of Windows
#

---------------  S U M M A R Y ------------

Command Line: -Xmx128m -Xss2m -Dant.home=C:\Program Files\JetBrains\IntelliJ IDEA Community Edition 2020.1.1\lib\ant -Dant.library.dir=C:\Program Files\JetBrains\IntelliJ IDEA Community Edition 2020.1.1\lib\ant\lib -Dfile.encoding=UTF-8 com.intellij.rt.ant.execution.AntMain2 -logger com.intellij.rt.ant.execution.IdeaAntLogger2 -inputhandler com.intellij.rt.ant.execution.IdeaInputHandler -buildfile D:\tvpage-hybris\hybris\bin\custom\tvpageservices\build.xml build

Host: Intel(R) Core(TM) i7-8565U CPU @ 1.80GHz, 8 cores, 15G,  Windows 10 , 64 bit Build 18362 (10.0.18362.900)
Time: Tue Jun 23 12:54:41 2020 India Standard Time elapsed time: 0 seconds (0d 0h 0m 0s)

---------------  T H R E A D  ---------------

Current thread (0x000001d24a5df000):  JavaThread "Unknown thread" [_thread_in_vm, id=34812, stack(0x00000069c6b00000,0x00000069c6d00000)]

Stack: [0x00000069c6b00000,0x00000069c6d00000]
Native frames: (J=compiled Java code, j=interpreted, Vv=VM code, C=native code)
V  [jvm.dll+0x661a7a]
V  [jvm.dll+0x7a1b2f]
V  [jvm.dll+0x7a31d5]
V  [jvm.dll+0x7a3843]
V  [jvm.dll+0x25f1a8]
V  [jvm.dll+0x65ee8a]
V  [jvm.dll+0x653865]
V  [jvm.dll+0x316adc]
V  [jvm.dll+0x316962]
V  [jvm.dll+0x31c1d6]
V  [jvm.dll+0x3688af]
V  [jvm.dll+0x3682d0]
V  [jvm.dll+0x2f3888]
V  [jvm.dll+0x2f49e6]
V  [jvm.dll+0x77ac57]
V  [jvm.dll+0x77c52f]
V  [jvm.dll+0x3755a9]
V  [jvm.dll+0x75fe6e]
V  [jvm.dll+0x3e5b7d]
V  [jvm.dll+0x3e8091]
C  [java.exe+0x3607]
C  [java.exe+0x178dc]
C  [KERNEL32.DLL+0x17bd4]
C  [ntdll.dll+0x6ce51]


---------------  P R O C E S S  ---------------

Threads class SMR info:
_java_thread_list=0x000001d24a43b640, length=0, elements={
}

Java Threads: ( => current thread )

Other Threads:
  0x000001d24a5f5000 GCTaskThread "GC Thread#0" [stack: 0x00000069c6d00000,0x00000069c6e00000] [id=34416]
  0x000001d24a5fe800 ConcurrentGCThread "G1 Main Marker" [stack: 0x00000069c6e00000,0x00000069c6f00000] [id=33264]
  0x000001d24a600000 ConcurrentGCThread "G1 Conc#0" [stack: 0x00000069c6f00000,0x00000069c7000000] [id=11688]

[error occurred during error reporting (printing all threads), id 0xc0000005, EXCEPTION_ACCESS_VIOLATION (0xc0000005) at pc=0x00007ff89b442047]

VM state:not at safepoint (not fully initialized)

VM Mutex/Monitor currently owned by a thread:  ([mutex/lock_event])
[0x000001d24a5db0a0] Heap_lock - owner thread: 0x000001d24a5df000

Heap address: 0x00000000f8000000, size: 128 MB, Compressed Oops mode: Non-zero based: 0x00000000f8000000
Narrow klass base: 0x0000000000000000, Narrow klass shift: 0

GC Heap History (0 events):
No events

Deoptimization events (0 events):
No events

Classes redefined (0 events):
No events

Internal exceptions (0 events):
No events

Events (0 events):
No events


Dynamic libraries:
0x00007ff7bf5f0000 - 0x00007ff7bf637000 	C:\Program Files\Java\jdk-11.0.7\bin\java.exe
0x00007ff909ee0000 - 0x00007ff90a0d0000 	C:\Windows\SYSTEM32\ntdll.dll
0x00007ff9093d0000 - 0x00007ff909482000 	C:\Windows\System32\KERNEL32.DLL
0x00007ff906ec0000 - 0x00007ff907164000 	C:\Windows\System32\KERNELBASE.dll
0x00007ff908100000 - 0x00007ff9081a3000 	C:\Windows\System32\ADVAPI32.dll
0x00007ff909330000 - 0x00007ff9093ce000 	C:\Windows\System32\msvcrt.dll
0x00007ff907f90000 - 0x00007ff908027000 	C:\Windows\System32\sechost.dll
0x00007ff908f00000 - 0x00007ff909020000 	C:\Windows\System32\RPCRT4.dll
0x00007ff908970000 - 0x00007ff908b04000 	C:\Windows\System32\USER32.dll
0x00007ff907d10000 - 0x00007ff907d31000 	C:\Windows\System32\win32u.dll
0x00007ff9096d0000 - 0x00007ff9096f6000 	C:\Windows\System32\GDI32.dll
0x00007ff907a70000 - 0x00007ff907c05000 	C:\Windows\System32\gdi32full.dll
0x00007ff907ef0000 - 0x00007ff907f8e000 	C:\Windows\System32\msvcp_win.dll
0x00007ff907970000 - 0x00007ff907a6a000 	C:\Windows\System32\ucrtbase.dll
0x00007ff8f5ff0000 - 0x00007ff8f6274000 	C:\Windows\WinSxS\amd64_microsoft.windows.common-controls_6595b64144ccf1df_6.0.18362.900_none_e6beb9d913147d17\COMCTL32.dll
0x00007ff900510000 - 0x00007ff90051a000 	C:\Windows\SYSTEM32\VERSION.dll
0x00007ff908630000 - 0x00007ff908965000 	C:\Windows\System32\combase.dll
0x00007ff907170000 - 0x00007ff9071f0000 	C:\Windows\System32\bcryptPrimitives.dll
0x00007ff9090f0000 - 0x00007ff90911e000 	C:\Windows\System32\IMM32.DLL
0x00007ff901470000 - 0x00007ff901486000 	C:\Program Files\Java\jdk-11.0.7\bin\vcruntime140.dll
0x00007ff8eff00000 - 0x00007ff8effaa000 	C:\Program Files\Java\jdk-11.0.7\bin\msvcp140.dll
0x00007ff89b140000 - 0x00007ff89bca1000 	C:\Program Files\Java\jdk-11.0.7\bin\server\jvm.dll
0x00007ff9081b0000 - 0x00007ff9081b8000 	C:\Windows\System32\PSAPI.DLL
0x00007ff901350000 - 0x00007ff901359000 	C:\Windows\SYSTEM32\WSOCK32.dll
0x00007ff903f50000 - 0x00007ff903f74000 	C:\Windows\SYSTEM32\WINMM.dll
0x00007ff908cd0000 - 0x00007ff908d3f000 	C:\Windows\System32\WS2_32.dll
0x00007ff902960000 - 0x00007ff90298d000 	C:\Windows\SYSTEM32\winmmbase.dll
0x00007ff906e70000 - 0x00007ff906eba000 	C:\Windows\System32\cfgmgr32.dll
0x00007ff906db0000 - 0x00007ff906dc1000 	C:\Windows\System32\kernel.appcore.dll
0x00007ff8f4380000 - 0x00007ff8f4391000 	C:\Program Files\Java\jdk-11.0.7\bin\verify.dll
0x00007ff9056d0000 - 0x00007ff9058c4000 	C:\Windows\SYSTEM32\DBGHELP.DLL
0x00007ff8ebf40000 - 0x00007ff8ebf6a000 	C:\Windows\SYSTEM32\dbgcore.DLL
0x00007ff8f4010000 - 0x00007ff8f4039000 	C:\Program Files\Java\jdk-11.0.7\bin\java.dll
0x00007ff8fc660000 - 0x00007ff8fc66a000 	C:\Program Files\Java\jdk-11.0.7\bin\jimage.dll
0x00007ff8f2c10000 - 0x00007ff8f2c26000 	C:\Program Files\Java\jdk-11.0.7\bin\zip.dll

dbghelp: loaded successfully - version: 4.0.5 - missing functions: none
symbol engine: initialized successfully - sym options: 0x614 - pdb path: .;C:\Program Files\Java\jdk-11.0.7\bin;C:\Windows\SYSTEM32;C:\Windows\WinSxS\amd64_microsoft.windows.common-controls_6595b64144ccf1df_6.0.18362.900_none_e6beb9d913147d17;C:\Program Files\Java\jdk-11.0.7\bin\server

VM Arguments:
jvm_args: -Xmx128m -Xss2m -Dant.home=C:\Program Files\JetBrains\IntelliJ IDEA Community Edition 2020.1.1\lib\ant -Dant.library.dir=C:\Program Files\JetBrains\IntelliJ IDEA Community Edition 2020.1.1\lib\ant\lib -Dfile.encoding=UTF-8 
java_command: com.intellij.rt.ant.execution.AntMain2 -logger com.intellij.rt.ant.execution.IdeaAntLogger2 -inputhandler com.intellij.rt.ant.execution.IdeaInputHandler -buildfile D:\tvpage-hybris\hybris\bin\custom\tvpageservices\build.xml build
java_class_path (initial): C:\Program Files\Java\jdk-11.0.7!\java.base;C:\Program Files\Java\jdk-11.0.7!\java.compiler;C:\Program Files\Java\jdk-11.0.7!\java.datatransfer;C:\Program Files\Java\jdk-11.0.7!\java.desktop;C:\Program Files\Java\jdk-11.0.7!\java.instrument;C:\Program Files\Java\jdk-11.0.7!\java.logging;C:\Program Files\Java\jdk-11.0.7!\java.management;C:\Program Files\Java\jdk-11.0.7!\java.management.rmi;C:\Program Files\Java\jdk-11.0.7!\java.naming;C:\Program Files\Java\jdk-11.0.7!\java.net.http;C:\Program Files\Java\jdk-11.0.7!\java.prefs;C:\Program Files\Java\jdk-11.0.7!\java.rmi;C:\Program Files\Java\jdk-11.0.7!\java.scripting;C:\Program Files\Java\jdk-11.0.7!\java.se;C:\Program Files\Java\jdk-11.0.7!\java.security.jgss;C:\Program Files\Java\jdk-11.0.7!\java.security.sasl;C:\Program Files\Java\jdk-11.0.7!\java.smartcardio;C:\Program Files\Java\jdk-11.0.7!\java.sql;C:\Program Files\Java\jdk-11.0.7!\java.sql.rowset;C:\Program Files\Java\jdk-11.0.7!\java.transaction.xa;C:\Program Files\Java\jdk-11.0.7!\java.xml;C:\Program Files\Java\jdk-11.0.7!\java.xml.crypto;C:\Program Files\Java\jdk-11.0.7!\jdk.accessibility;C:\Program Files\Java\jdk-11.0.7!\jdk.aot;C:\Program Files\Java\jdk-11.0.7!\jdk.attach;C:\Program Files\Java\jdk-11.0.7!\jdk.charsets;C:\Program Files\Java\jdk-11.0.7!\jdk.compiler;C:\Program Files\Java\jdk-11.0.7!\jdk.crypto.cryptoki;C:\Program Files\Java\jdk-11.0.7!\jdk.crypto.ec;C:\Program Files\Java\jdk-11.0.7!\jdk.crypto.mscapi;C:\Program Files\Java\jdk-11.0.7!\jdk.dynalink;C:\Program Files\Java\jdk-11.0.7!\jdk.editpad;C:\Program Files\Java\jdk-11.0.7!\jdk.hotspot.agent;C:\Program Files\Java\jdk-11.0.7!\jdk.httpserver;C:\Program Files\Java\jdk-11.0.7!\jdk.internal.ed;C:\Program Files\Java\jdk-11.0.7!\jdk.internal.jvmstat;C:\Program Files\Java\jdk-11.0.7!\jdk.internal.le;C:\Program Files\Java\jdk-11.0.7!\jdk.internal.opt;C:\Program Files\Java\jdk-11.0.7!\jdk.internal.vm.ci;C:\Program Files\Java\jdk-11.0.7!\jdk.internal.vm.compiler;C:\Program
Launcher Type: SUN_STANDARD

[Global flags]
     intx CICompilerCount                          = 4                                         {product} {ergonomic}
     uint ConcGCThreads                            = 2                                         {product} {ergonomic}
     uint G1ConcRefinementThreads                  = 8                                         {product} {ergonomic}
   size_t G1HeapRegionSize                         = 1048576                                   {product} {ergonomic}
    uintx GCDrainStackTargetSize                   = 64                                        {product} {ergonomic}
   size_t InitialHeapSize                          = 134217728                                 {product} {ergonomic}
   size_t MarkStackSize                            = 4194304                                   {product} {ergonomic}
   size_t MaxHeapSize                              = 134217728                                 {product} {command line}
   size_t MinHeapDeltaBytes                        = 1048576                                   {product} {ergonomic}
    uintx NonNMethodCodeHeapSize                   = 5836300                                {pd product} {ergonomic}
    uintx NonProfiledCodeHeapSize                  = 122910970                              {pd product} {ergonomic}
    uintx ProfiledCodeHeapSize                     = 122910970                              {pd product} {ergonomic}
    uintx ReservedCodeCacheSize                    = 251658240                              {pd product} {ergonomic}
     bool SegmentedCodeCache                       = true                                      {product} {ergonomic}
     intx ThreadStackSize                          = 2048                                   {pd product} {command line}
     bool UseCompressedClassPointers               = true                                 {lp64_product} {ergonomic}
     bool UseCompressedOops                        = true                                 {lp64_product} {ergonomic}
     bool UseG1GC                                  = true                                      {product} {ergonomic}
     bool UseLargePagesIndividualAllocation        = false                                  {pd product} {ergonomic}

Logging:
Log output configuration:
 #0: stdout all=warning uptime,level,tags
 #1: stderr all=off uptime,level,tags

Environment Variables:
JAVA_HOME=C:\Program Files\Java\jdk-11.0.7
PATH=C:\Program Files\Java\jdk-11.0.7\bin;C:\Windows\system32;C:\Windows;C:\Windows\System32\Wbem;C:\Windows\System32\WindowsPowerShell\v1.0\;C:\Windows\System32\OpenSSH\;C:\Program Files (x86)\Intel\Intel(R) Management Engine Components\DAL;C:\Program Files\Intel\Intel(R) Management Engine Components\DAL;C:\Program Files (x86)\NVIDIA Corporation\PhysX\Common;C:\Program Files\NVIDIA Corporation\NVIDIA NvDLISR;C:\Program Files\PuTTY\;C:\Program Files\Microsoft SQL Server\Client SDK\ODBC\110\Tools\Binn\;C:\Program Files (x86)\Microsoft SQL Server\120\Tools\Binn\;C:\Program Files\Microsoft SQL Server\120\Tools\Binn\;C:\Program Files\Microsoft SQL Server\120\DTS\Binn\;C:\Program Files (x86)\Common Files\Oracle\Java\javapath;C:\Program Files (x86)\Microsoft SQL Server\150\DTS\Binn\;%MAVNE_HOME%\bin;C:\Program Files\MySQL\MySQL Server 5.5\bin;C:\Program Files\Git\cmd;C:\Users\Bharathi\AppData\Local\Microsoft\WindowsApps;C:\Users\Bharathi\AppData\Local\Programs\Microsoft VS Code\bin;C:\Program Files\JetBrains\IntelliJ IDEA 2019.3.2\bin;;E:\software\apache-maven-3.6.3\bin;;C:\Program Files\JetBrains\IntelliJ IDEA Community Edition 2020.1.1\bin;
USERNAME=Bharathi
OS=Windows_NT
PROCESSOR_IDENTIFIER=Intel64 Family 6 Model 142 Stepping 12, GenuineIntel



---------------  S Y S T E M  ---------------

OS: Windows 10 , 64 bit Build 18362 (10.0.18362.900)

CPU:total 8 (initial active 8) (4 cores per cpu, 2 threads per core) family 6 model 142 stepping 12, cmov, cx8, fxsr, mmx, sse, sse2, sse3, ssse3, sse4.1, sse4.2, popcnt, avx, avx2, aes, clmul, erms, 3dnowpref, lzcnt, ht, tsc, tscinvbit, bmi1, bmi2, adx, fma

Memory: 4k page, system-wide physical 16260M (3179M free)
TotalPageFile size 24260M (AvailPageFile size 40M)
current process WorkingSet (physical memory assigned to process): 9M, peak: 9M
current process commit charge ("private bytes"): 59M, peak: 187M

vm_info: Java HotSpot(TM) 64-Bit Server VM (11.0.7+8-LTS) for windows-amd64 JRE (11.0.7+8-LTS), built on Mar 12 2020 02:04:32 by "mach5one" with MS VC++ 15.5 (VS2017)

END.
